[ 2017-08-20T16:01:58+08:00 ] 127.0.0.1 /
NOTIC: [2] mkdir(): File exists E:\workbench\cgw\ThinkPHP\Library\Think\Build.class.php 第 110 行.
INFO: [ app_init ] --START--
INFO: Run Behavior\BuildLiteBehavior [ RunTime:0.000000s ]
SQL: SHOW COLUMNS FROM `cgw_hooks` [ RunTime:1.1451s ]
SQL: SELECT `name`,`addons` FROM `cgw_hooks`  [ RunTime:0.1350s ]
SQL: SHOW COLUMNS FROM `cgw_addons` [ RunTime:0.0650s ]
SQL: SELECT `id`,`name` FROM `cgw_addons` WHERE `status` = 1 AND `name` IN ('SuperLinks')  [ RunTime:0.0200s ]
SQL: SELECT `id`,`name` FROM `cgw_addons` WHERE `status` = 1 AND `name` IN ('LocalComment')  [ RunTime:0.0010s ]
SQL: SELECT `id`,`name` FROM `cgw_addons` WHERE `status` = 1 AND `name` IN ('SuperLinks')  [ RunTime:0.0000s ]
SQL: SELECT `id`,`name` FROM `cgw_addons` WHERE `status` = 1 AND `name` IN ('Avatar')  [ RunTime:0.0010s ]
INFO: Run Common\Behavior\InitHookBehavior [ RunTime:1.713098s ]
INFO: [ app_init ] --END-- [ RunTime:1.782102s ]
INFO: [ app_begin ] --START--
INFO: Run Behavior\ReadHtmlCacheBehavior [ RunTime:0.013001s ]
INFO: [ app_begin ] --END-- [ RunTime:0.014001s ]
NOTIC: [2] session_start(): Cannot send session cookie - headers already sent E:\workbench\cgw\ThinkPHP\Common\functions.php 第 1263 行.
NOTIC: [2] session_start(): Cannot send session cache limiter - headers already sent E:\workbench\cgw\ThinkPHP\Common\functions.php 第 1263 行.
SQL: SHOW COLUMNS FROM `cgw_config` [ RunTime:0.0480s ]
SQL: SELECT `type`,`name`,`value` FROM `cgw_config` WHERE `status` = 1  [ RunTime:0.0020s ]
SQL: SHOW COLUMNS FROM `cgw_member` [ RunTime:0.0230s ]
NOTIC: [8] Undefined offset: 1 E:\workbench\cgw\App\Blog\Model\MemberModel.class.php 第 171 行.
SQL: SHOW COLUMNS FROM `cgw_user_token` [ RunTime:0.0120s ]
SQL: SELECT * FROM `cgw_user_token` WHERE `uid` = null LIMIT 1   [ RunTime:0.0240s ]
NOTIC: [8] Undefined offset: 2 E:\workbench\cgw\App\Blog\Model\MemberModel.class.php 第 173 行.
NOTIC: [8] Undefined offset: 1 E:\workbench\cgw\App\Blog\Model\MemberModel.class.php 第 173 行.
NOTIC: [8] Undefined index: zs_home E:\workbench\cgw\App\Blog\Controller\BlogController.class.php 第 21 行.
NOTIC: [8] Undefined index: zs_home E:\workbench\cgw\App\Blog\Controller\BlogController.class.php 第 23 行.
SQL: SHOW COLUMNS FROM `cgw_member` [ RunTime:0.0020s ]
SQL: SELECT `score` FROM `cgw_member` WHERE `uid` = null LIMIT 1   [ RunTime:0.0070s ]
NOTIC: [8] Undefined index: zs_home E:\workbench\cgw\App\Blog\Controller\BlogController.class.php 第 26 行.
SQL: SHOW COLUMNS FROM `cgw_message` [ RunTime:0.0350s ]
SQL: SELECT COUNT(*) AS tp_count FROM `cgw_message` WHERE `status` = 1 AND `is_read` = 0 AND `to_uid` = null LIMIT 1   [ RunTime:0.0250s ]
NOTIC: [8] Undefined index: zs_home E:\workbench\cgw\App\Blog\Controller\BlogController.class.php 第 29 行.
SQL: SHOW COLUMNS FROM `cgw_role_user` [ RunTime:0.0210s ]
SQL: SELECT `user_id` FROM `cgw_role_user`  [ RunTime:0.0010s ]
NOTIC: [8] Undefined index: zs_home E:\workbench\cgw\App\Common\Common\user.php 第 486 行.
NOTIC: [8] Undefined variable: nb E:\workbench\cgw\App\Common\Api\CategoryApi.class.php 第 38 行.
SQL: SHOW COLUMNS FROM `cgw_cate` [ RunTime:0.0140s ]
SQL: SELECT * FROM `cgw_cate` WHERE `pid` = 0 AND `type` = 1 ORDER BY ordid asc,id desc  [ RunTime:0.0200s ]
SQL: SELECT * FROM `cgw_cate` WHERE `pid` = 1 AND `type` = 1 ORDER BY ordid asc,id desc  [ RunTime:0.0010s ]
SQL: SELECT * FROM `cgw_cate` WHERE `pid` = 11 AND `type` = 1 ORDER BY ordid asc,id desc  [ RunTime:0.0010s ]
SQL: SELECT * FROM `cgw_cate` WHERE `pid` = 13 AND `type` = 1 ORDER BY ordid asc,id desc  [ RunTime:0.0000s ]
SQL: SELECT * FROM `cgw_cate` WHERE `pid` = 12 AND `type` = 1 ORDER BY ordid asc,id desc  [ RunTime:0.0010s ]
SQL: SELECT * FROM `cgw_cate` WHERE `pid` = 8 AND `type` = 1 ORDER BY ordid asc,id desc  [ RunTime:0.0000s ]
SQL: SELECT * FROM `cgw_cate` WHERE `pid` = 10 AND `type` = 1 ORDER BY ordid asc,id desc  [ RunTime:0.0010s ]
SQL: SELECT * FROM `cgw_cate` WHERE `pid` = 9 AND `type` = 1 ORDER BY ordid asc,id desc  [ RunTime:0.0000s ]
SQL: SELECT * FROM `cgw_cate` WHERE `pid` = 7 AND `type` = 1 ORDER BY ordid asc,id desc  [ RunTime:0.0000s ]
SQL: SELECT * FROM `cgw_cate` WHERE `pid` = 6 AND `type` = 1 ORDER BY ordid asc,id desc  [ RunTime:0.0010s ]
SQL: SELECT * FROM `cgw_cate` WHERE `pid` = 5 AND `type` = 1 ORDER BY ordid asc,id desc  [ RunTime:0.0010s ]
SQL: SELECT * FROM `cgw_cate` WHERE `pid` = 4 AND `type` = 1 ORDER BY ordid asc,id desc  [ RunTime:0.0000s ]
SQL: SELECT * FROM `cgw_cate` WHERE `pid` = 3 AND `type` = 1 ORDER BY ordid asc,id desc  [ RunTime:0.0000s ]
SQL: SELECT * FROM `cgw_cate` WHERE `pid` = 2 AND `type` = 1 ORDER BY ordid asc,id desc  [ RunTime:0.0000s ]
SQL: SELECT `user_id` FROM `cgw_role_user`  [ RunTime:0.0000s ]
SQL: SELECT COUNT(*) AS tp_count FROM `cgw_cate` WHERE `type` = 1 AND `enable` = 1 LIMIT 1   [ RunTime:0.0000s ]
SQL: SHOW COLUMNS FROM `cgw_cate` [ RunTime:0.0010s ]
SQL: SELECT * FROM `cgw_cate` WHERE `status` = 1 AND `type` = 1  [ RunTime:0.0010s ]
SQL: SHOW COLUMNS FROM `cgw_cate` [ RunTime:0.0020s ]
SQL: SELECT *,CONCAT(spid,id) as path2 FROM `cgw_cate` WHERE `type` = 1 AND `status` = 1 ORDER BY path2  [ RunTime:0.0650s ]
SQL: SHOW COLUMNS FROM `cgw_nav` [ RunTime:0.0570s ]
SQL: SELECT * FROM `cgw_nav` WHERE `status` = 1 ORDER BY sort desc  [ RunTime:0.0010s ]
SQL: SELECT * FROM `cgw_nav` WHERE `id` = 1 LIMIT 1   [ RunTime:0.0000s ]
SQL: SELECT * FROM `cgw_nav` WHERE `id` = 1 LIMIT 1   [ RunTime:0.0010s ]
SQL: SELECT * FROM `cgw_nav` WHERE `id` = 1 LIMIT 1   [ RunTime:0.0010s ]
NOTIC: [8] Undefined variable: active E:\workbench\cgw\App\Common\Common\function.php 第 141 行.
SQL: SELECT * FROM `cgw_nav` WHERE `id` = 2 LIMIT 1   [ RunTime:0.0010s ]
SQL: SELECT * FROM `cgw_nav` WHERE `id` = 2 LIMIT 1   [ RunTime:0.0010s ]
SQL: SELECT * FROM `cgw_nav` WHERE `id` = 2 LIMIT 1   [ RunTime:0.0010s ]
NOTIC: [8] Undefined variable: active E:\workbench\cgw\App\Common\Common\function.php 第 141 行.
SQL: SELECT COUNT(*) AS tp_count FROM `cgw_cate` WHERE `type` = 1 AND `pid` = 0 AND `status` = 1 LIMIT 1   [ RunTime:0.0010s ]
INFO: [ view_begin ] --START--
INFO: Run Common\Behavior\basictemplateBehavior [ RunTime:0.109006s ]
INFO: [ view_begin ] --END-- [ RunTime:0.109006s ]
INFO: [ view_parse ] --START--
INFO: [ template_filter ] --START--
INFO: Run Behavior\ContentReplaceBehavior [ RunTime:0.001000s ]
INFO: [ template_filter ] --END-- [ RunTime:0.001000s ]
NOTIC: [8] Undefined variable: webdescription E:\workbench\cgw\Runtime\App\Cache\Blog\8edcbfec52ed8f780c8f51f886be2e1e.php 第 5 行.
NOTIC: [8] Undefined variable: webdescription E:\workbench\cgw\Runtime\App\Cache\Blog\8edcbfec52ed8f780c8f51f886be2e1e.php 第 5 行.
NOTIC: [8] Undefined variable: webkeyword E:\workbench\cgw\Runtime\App\Cache\Blog\8edcbfec52ed8f780c8f51f886be2e1e.php 第 6 行.
NOTIC: [8] Undefined variable: webkeyword E:\workbench\cgw\Runtime\App\Cache\Blog\8edcbfec52ed8f780c8f51f886be2e1e.php 第 6 行.
SQL: SELECT `type`,`name`,`value` FROM `cgw_config` WHERE `status` = 1  [ RunTime:0.0010s ]
NOTIC: [8] Undefined index: lite E:\workbench\cgw\ThinkPHP\Library\Think\Db.class.php 第 37 行.
NOTIC: [8] Undefined offset: 0 E:\workbench\cgw\ThinkPHP\Library\Think\Db\Driver.class.php 第 113 行.
NOTIC: [8] Undefined offset: 0 E:\workbench\cgw\ThinkPHP\Library\Think\Db\Driver.class.php 第 113 行.
NOTIC: [8] Undefined variable: isInternalCall E:\workbench\cgw\App\Api\Controller\ApiController.class.php 第 33 行.
SQL: SHOW COLUMNS FROM `cgw_article` [ RunTime:0.0400s ]
SQL: SHOW COLUMNS FROM `cgw_cate` [ RunTime:0.0010s ]
NOTIC: [8] Undefined variable: array E:\workbench\cgw\App\Blog\Model\CateModel.class.php 第 16 行.
SQL: SELECT `id`,`name`,`pid` FROM `cgw_cate` WHERE `status` = 1 ORDER BY ordid  [ RunTime:0.0010s ]
SQL: SELECT COUNT(*) AS tp_count FROM `cgw_article` WHERE `cid` IN ('1','2','3','4','5','6','7','8','11') AND `status` IN ('1') LIMIT 1   [ RunTime:0.0290s ]
SQL: SELECT * FROM `cgw_article` WHERE `cid` IN ('1','2','3','4','5','6','7','8','11') AND `status` IN ('1') ORDER BY tj desc,id desc LIMIT 0,10   [ RunTime:0.0080s ]
SQL: SHOW COLUMNS FROM `cgw_article` [ RunTime:0.0010s ]
SQL: SELECT * FROM `cgw_article` WHERE `id` = 79 LIMIT 1   [ RunTime:0.0010s ]
SQL: SELECT `user_id` FROM `cgw_role_user`  [ RunTime:0.0010s ]
SQL: SHOW COLUMNS FROM `cgw_member` [ RunTime:0.0020s ]
SQL: SHOW COLUMNS FROM `cgw_ucenter_member` [ RunTime:0.0340s ]
SQL: SHOW COLUMNS FROM `cgw_member` [ RunTime:0.0020s ]
SQL: SELECT `nickname` FROM `cgw_member` WHERE `uid` = 1 LIMIT 1   [ RunTime:0.0010s ]
NOTIC: [8] Undefined offset: 0 E:\workbench\cgw\ThinkPHP\Library\Think\Db\Driver.class.php 第 113 行.
NOTIC: [8] Undefined offset: 0 E:\workbench\cgw\ThinkPHP\Library\Think\Db\Driver.class.php 第 113 行.
NOTIC: [8] Undefined offset: 0 E:\workbench\cgw\ThinkPHP\Library\Think\Db\Driver.class.php 第 113 行.
SQL: SHOW COLUMNS FROM `cgw_avatar` [ RunTime:0.0040s ]
SQL: SELECT * FROM `cgw_avatar` WHERE `uid` = 1 AND `status` = 1 AND `is_temp` = 0 LIMIT 1   [ RunTime:0.0010s ]
SQL: SELECT * FROM `cgw_avatar` WHERE `uid` = 1 AND `status` = 1 AND `is_temp` = 0 LIMIT 1   [ RunTime:0.0010s ]
SQL: SELECT * FROM `cgw_article` WHERE `id` = 78 LIMIT 1   [ RunTime:0.0010s ]
SQL: SELECT `user_id` FROM `cgw_role_user`  [ RunTime:0.0000s ]
SQL: SELECT `nickname` FROM `cgw_member` WHERE `uid` = 1 LIMIT 1   [ RunTime:0.0000s ]
NOTIC: [8] Undefined offset: 0 E:\workbench\cgw\ThinkPHP\Library\Think\Db\Driver.class.php 第 113 行.
SQL: SELECT * FROM `cgw_avatar` WHERE `uid` = 1 AND `status` = 1 AND `is_temp` = 0 LIMIT 1   [ RunTime:0.0020s ]
SQL: SELECT * FROM `cgw_avatar` WHERE `uid` = 1 AND `status` = 1 AND `is_temp` = 0 LIMIT 1   [ RunTime:0.0010s ]
SQL: SELECT * FROM `cgw_article` WHERE `id` = 77 LIMIT 1   [ RunTime:0.0010s ]
SQL: SELECT `user_id` FROM `cgw_role_user`  [ RunTime:0.0000s ]
SQL: SELECT `nickname` FROM `cgw_member` WHERE `uid` = 1 LIMIT 1   [ RunTime:0.0010s ]
NOTIC: [8] Undefined offset: 0 E:\workbench\cgw\ThinkPHP\Library\Think\Db\Driver.class.php 第 113 行.
SQL: SELECT * FROM `cgw_avatar` WHERE `uid` = 1 AND `status` = 1 AND `is_temp` = 0 LIMIT 1   [ RunTime:0.0000s ]
SQL: SELECT * FROM `cgw_avatar` WHERE `uid` = 1 AND `status` = 1 AND `is_temp` = 0 LIMIT 1   [ RunTime:0.0000s ]
SQL: SELECT * FROM `cgw_article` WHERE `id` = 76 LIMIT 1   [ RunTime:0.0020s ]
SQL: SELECT `user_id` FROM `cgw_role_user`  [ RunTime:0.0010s ]
SQL: SELECT `nickname` FROM `cgw_member` WHERE `uid` = 1 LIMIT 1   [ RunTime:0.0000s ]
NOTIC: [8] Undefined offset: 0 E:\workbench\cgw\ThinkPHP\Library\Think\Db\Driver.class.php 第 113 行.
SQL: SELECT * FROM `cgw_avatar` WHERE `uid` = 1 AND `status` = 1 AND `is_temp` = 0 LIMIT 1   [ RunTime:0.0010s ]
SQL: SELECT * FROM `cgw_avatar` WHERE `uid` = 1 AND `status` = 1 AND `is_temp` = 0 LIMIT 1   [ RunTime:0.0020s ]
SQL: SHOW COLUMNS FROM `cgw_tags` [ RunTime:0.0880s ]
SQL: SELECT `id` FROM `cgw_tags` WHERE `title` = '程序员' AND `type` = 1 LIMIT 1   [ RunTime:0.0010s ]
SQL: SELECT * FROM `cgw_article` WHERE `id` = 75 LIMIT 1   [ RunTime:0.0000s ]
SQL: SELECT `user_id` FROM `cgw_role_user`  [ RunTime:0.0010s ]
SQL: SELECT `nickname` FROM `cgw_member` WHERE `uid` = 1 LIMIT 1   [ RunTime:0.0000s ]
NOTIC: [8] Undefined offset: 0 E:\workbench\cgw\ThinkPHP\Library\Think\Db\Driver.class.php 第 113 行.
SQL: SELECT * FROM `cgw_avatar` WHERE `uid` = 1 AND `status` = 1 AND `is_temp` = 0 LIMIT 1   [ RunTime:0.0000s ]
SQL: SELECT * FROM `cgw_avatar` WHERE `uid` = 1 AND `status` = 1 AND `is_temp` = 0 LIMIT 1   [ RunTime:0.0010s ]
SQL: SELECT `id` FROM `cgw_tags` WHERE `title` = '练级攻略' AND `type` = 1 LIMIT 1   [ RunTime:0.0030s ]
SQL: SELECT * FROM `cgw_article` WHERE `id` = 74 LIMIT 1   [ RunTime:0.0050s ]
SQL: SELECT `user_id` FROM `cgw_role_user`  [ RunTime:0.0010s ]
SQL: SELECT `nickname` FROM `cgw_member` WHERE `uid` = 1 LIMIT 1   [ RunTime:0.0010s ]
NOTIC: [8] Undefined offset: 0 E:\workbench\cgw\ThinkPHP\Library\Think\Db\Driver.class.php 第 113 行.
SQL: SELECT * FROM `cgw_avatar` WHERE `uid` = 1 AND `status` = 1 AND `is_temp` = 0 LIMIT 1   [ RunTime:0.0010s ]
SQL: SELECT * FROM `cgw_avatar` WHERE `uid` = 1 AND `status` = 1 AND `is_temp` = 0 LIMIT 1   [ RunTime:0.0010s ]
SQL: SELECT `id` FROM `cgw_tags` WHERE `title` = 'Sphinx' AND `type` = 1 LIMIT 1   [ RunTime:0.0010s ]
SQL: SELECT * FROM `cgw_article` WHERE `id` = 73 LIMIT 1   [ RunTime:0.0000s ]
SQL: SELECT `user_id` FROM `cgw_role_user`  [ RunTime:0.0000s ]
SQL: SELECT `nickname` FROM `cgw_member` WHERE `uid` = 1 LIMIT 1   [ RunTime:0.0010s ]
NOTIC: [8] Undefined offset: 0 E:\workbench\cgw\ThinkPHP\Library\Think\Db\Driver.class.php 第 113 行.
SQL: SELECT * FROM `cgw_avatar` WHERE `uid` = 1 AND `status` = 1 AND `is_temp` = 0 LIMIT 1   [ RunTime:0.0000s ]
SQL: SELECT * FROM `cgw_avatar` WHERE `uid` = 1 AND `status` = 1 AND `is_temp` = 0 LIMIT 1   [ RunTime:0.0010s ]
SQL: SELECT `id` FROM `cgw_tags` WHERE `title` = '分布式' AND `type` = 1 LIMIT 1   [ RunTime:0.0000s ]
SQL: SELECT * FROM `cgw_article` WHERE `id` = 72 LIMIT 1   [ RunTime:0.0000s ]
SQL: SELECT `user_id` FROM `cgw_role_user`  [ RunTime:0.0010s ]
SQL: SELECT `nickname` FROM `cgw_member` WHERE `uid` = 1 LIMIT 1   [ RunTime:0.0010s ]
NOTIC: [8] Undefined offset: 0 E:\workbench\cgw\ThinkPHP\Library\Think\Db\Driver.class.php 第 113 行.
SQL: SELECT * FROM `cgw_avatar` WHERE `uid` = 1 AND `status` = 1 AND `is_temp` = 0 LIMIT 1   [ RunTime:0.0010s ]
SQL: SELECT * FROM `cgw_avatar` WHERE `uid` = 1 AND `status` = 1 AND `is_temp` = 0 LIMIT 1   [ RunTime:0.0000s ]
SQL: SELECT `id` FROM `cgw_tags` WHERE `title` = '技巧' AND `type` = 1 LIMIT 1   [ RunTime:0.0000s ]
SQL: SELECT * FROM `cgw_article` WHERE `id` = 71 LIMIT 1   [ RunTime:0.0010s ]
SQL: SELECT `user_id` FROM `cgw_role_user`  [ RunTime:0.0000s ]
SQL: SELECT `nickname` FROM `cgw_member` WHERE `uid` = 1 LIMIT 1   [ RunTime:0.0010s ]
NOTIC: [8] Undefined offset: 0 E:\workbench\cgw\ThinkPHP\Library\Think\Db\Driver.class.php 第 113 行.
SQL: SELECT * FROM `cgw_avatar` WHERE `uid` = 1 AND `status` = 1 AND `is_temp` = 0 LIMIT 1   [ RunTime:0.0010s ]
SQL: SELECT * FROM `cgw_avatar` WHERE `uid` = 1 AND `status` = 1 AND `is_temp` = 0 LIMIT 1   [ RunTime:0.0010s ]
SQL: SELECT `id` FROM `cgw_tags` WHERE `title` = '代码' AND `type` = 1 LIMIT 1   [ RunTime:0.0000s ]
SQL: SELECT * FROM `cgw_article` WHERE `id` = 70 LIMIT 1   [ RunTime:0.0020s ]
SQL: SELECT `user_id` FROM `cgw_role_user`  [ RunTime:0.0010s ]
SQL: SELECT `nickname` FROM `cgw_member` WHERE `uid` = 1 LIMIT 1   [ RunTime:0.0000s ]
NOTIC: [8] Undefined offset: 0 E:\workbench\cgw\ThinkPHP\Library\Think\Db\Driver.class.php 第 113 行.
SQL: SELECT * FROM `cgw_avatar` WHERE `uid` = 1 AND `status` = 1 AND `is_temp` = 0 LIMIT 1   [ RunTime:0.0000s ]
SQL: SELECT * FROM `cgw_avatar` WHERE `uid` = 1 AND `status` = 1 AND `is_temp` = 0 LIMIT 1   [ RunTime:0.0000s ]
SQL: SELECT `id` FROM `cgw_tags` WHERE `title` = '代码' AND `type` = 1 LIMIT 1   [ RunTime:0.0000s ]
NOTIC: [8] Undefined index: format E:\workbench\cgw\App\Api\Controller\ApiController.class.php 第 62 行.
SQL: SELECT `name` FROM `cgw_cate` WHERE `id` = 3 LIMIT 1   [ RunTime:0.0010s ]
NOTIC: [8] Undefined index: linktag E:\workbench\cgw\Runtime\App\Cache\Blog\8edcbfec52ed8f780c8f51f886be2e1e.php 第 87 行.
SQL: SELECT `name` FROM `cgw_cate` WHERE `id` = 3 LIMIT 1   [ RunTime:0.0000s ]
NOTIC: [8] Undefined index: linktag E:\workbench\cgw\Runtime\App\Cache\Blog\8edcbfec52ed8f780c8f51f886be2e1e.php 第 87 行.
SQL: SELECT `name` FROM `cgw_cate` WHERE `id` = 3 LIMIT 1   [ RunTime:0.0010s ]
NOTIC: [8] Undefined index: linktag E:\workbench\cgw\Runtime\App\Cache\Blog\8edcbfec52ed8f780c8f51f886be2e1e.php 第 87 行.
SQL: SELECT `name` FROM `cgw_cate` WHERE `id` = 3 LIMIT 1   [ RunTime:0.0010s ]
SQL: SELECT `name` FROM `cgw_cate` WHERE `id` = 3 LIMIT 1   [ RunTime:0.0010s ]
SQL: SELECT `name` FROM `cgw_cate` WHERE `id` = 3 LIMIT 1   [ RunTime:0.0000s ]
SQL: SELECT `name` FROM `cgw_cate` WHERE `id` = 3 LIMIT 1   [ RunTime:0.0000s ]
SQL: SELECT `name` FROM `cgw_cate` WHERE `id` = 1 LIMIT 1   [ RunTime:0.0000s ]
SQL: SELECT `name` FROM `cgw_cate` WHERE `id` = 3 LIMIT 1   [ RunTime:0.0010s ]
SQL: SELECT `name` FROM `cgw_cate` WHERE `id` = 3 LIMIT 1   [ RunTime:0.0010s ]
NOTIC: [8] Undefined index: keyword E:\workbench\cgw\Runtime\App\Cache\Blog\8edcbfec52ed8f780c8f51f886be2e1e.php 第 125 行.
SQL: SELECT `type`,`name`,`value` FROM `cgw_config` WHERE `status` = 1  [ RunTime:0.0010s ]
NOTIC: [8] Undefined offset: 0 E:\workbench\cgw\ThinkPHP\Library\Think\Db\Driver.class.php 第 113 行.
NOTIC: [8] Undefined offset: 0 E:\workbench\cgw\ThinkPHP\Library\Think\Db\Driver.class.php 第 113 行.
NOTIC: [8] Undefined variable: isInternalCall E:\workbench\cgw\App\Api\Controller\ApiController.class.php 第 33 行.
NOTIC: [8] Undefined variable: array E:\workbench\cgw\App\Blog\Model\CateModel.class.php 第 16 行.
SQL: SELECT `id`,`name`,`pid` FROM `cgw_cate` WHERE `status` = 1 ORDER BY ordid  [ RunTime:0.0010s ]
SQL: SELECT COUNT(*) AS tp_count FROM `cgw_article` WHERE `cid` IN ('1','2','3','4','5','6','7','8','11') AND `status` IN ('1') LIMIT 1   [ RunTime:0.0020s ]
SQL: SELECT * FROM `cgw_article` WHERE `cid` IN ('1','2','3','4','5','6','7','8','11') AND `status` IN ('1') ORDER BY view desc LIMIT 5   [ RunTime:0.0040s ]
SQL: SELECT * FROM `cgw_article` WHERE `id` = 5 LIMIT 1   [ RunTime:0.0020s ]
SQL: SELECT `user_id` FROM `cgw_role_user`  [ RunTime:0.0000s ]
SQL: SELECT `nickname` FROM `cgw_member` WHERE `uid` = 1 LIMIT 1   [ RunTime:0.0010s ]
NOTIC: [8] Undefined offset: 0 E:\workbench\cgw\ThinkPHP\Library\Think\Db\Driver.class.php 第 113 行.
SQL: SELECT * FROM `cgw_avatar` WHERE `uid` = 1 AND `status` = 1 AND `is_temp` = 0 LIMIT 1   [ RunTime:0.0010s ]
SQL: SELECT * FROM `cgw_avatar` WHERE `uid` = 1 AND `status` = 1 AND `is_temp` = 0 LIMIT 1   [ RunTime:0.0020s ]
SQL: SELECT * FROM `cgw_article` WHERE `id` = 2 LIMIT 1   [ RunTime:0.0020s ]
SQL: SELECT `user_id` FROM `cgw_role_user`  [ RunTime:0.0000s ]
SQL: SELECT `nickname` FROM `cgw_member` WHERE `uid` = 1 LIMIT 1   [ RunTime:0.0000s ]
NOTIC: [8] Undefined offset: 0 E:\workbench\cgw\ThinkPHP\Library\Think\Db\Driver.class.php 第 113 行.
SQL: SELECT * FROM `cgw_avatar` WHERE `uid` = 1 AND `status` = 1 AND `is_temp` = 0 LIMIT 1   [ RunTime:0.0010s ]
SQL: SELECT * FROM `cgw_avatar` WHERE `uid` = 1 AND `status` = 1 AND `is_temp` = 0 LIMIT 1   [ RunTime:0.0000s ]
SQL: SELECT * FROM `cgw_article` WHERE `id` = 8 LIMIT 1   [ RunTime:0.0010s ]
SQL: SELECT `user_id` FROM `cgw_role_user`  [ RunTime:0.0010s ]
SQL: SELECT `nickname` FROM `cgw_member` WHERE `uid` = 1 LIMIT 1   [ RunTime:0.0010s ]
NOTIC: [8] Undefined offset: 0 E:\workbench\cgw\ThinkPHP\Library\Think\Db\Driver.class.php 第 113 行.
SQL: SELECT * FROM `cgw_avatar` WHERE `uid` = 1 AND `status` = 1 AND `is_temp` = 0 LIMIT 1   [ RunTime:0.0010s ]
SQL: SELECT * FROM `cgw_avatar` WHERE `uid` = 1 AND `status` = 1 AND `is_temp` = 0 LIMIT 1   [ RunTime:0.0000s ]
SQL: SELECT * FROM `cgw_article` WHERE `id` = 64 LIMIT 1   [ RunTime:0.0010s ]
SQL: SELECT `user_id` FROM `cgw_role_user`  [ RunTime:0.0010s ]
SQL: SELECT `nickname` FROM `cgw_member` WHERE `uid` = 1 LIMIT 1   [ RunTime:0.0010s ]
NOTIC: [8] Undefined offset: 0 E:\workbench\cgw\ThinkPHP\Library\Think\Db\Driver.class.php 第 113 行.
SQL: SELECT * FROM `cgw_avatar` WHERE `uid` = 1 AND `status` = 1 AND `is_temp` = 0 LIMIT 1   [ RunTime:0.0010s ]
SQL: SELECT * FROM `cgw_avatar` WHERE `uid` = 1 AND `status` = 1 AND `is_temp` = 0 LIMIT 1   [ RunTime:0.0010s ]
SQL: SELECT * FROM `cgw_article` WHERE `id` = 4 LIMIT 1   [ RunTime:0.0000s ]
SQL: SELECT `user_id` FROM `cgw_role_user`  [ RunTime:0.0000s ]
SQL: SELECT `nickname` FROM `cgw_member` WHERE `uid` = 1 LIMIT 1   [ RunTime:0.0000s ]
NOTIC: [8] Undefined offset: 0 E:\workbench\cgw\ThinkPHP\Library\Think\Db\Driver.class.php 第 113 行.
SQL: SELECT * FROM `cgw_avatar` WHERE `uid` = 1 AND `status` = 1 AND `is_temp` = 0 LIMIT 1   [ RunTime:0.0010s ]
SQL: SELECT * FROM `cgw_avatar` WHERE `uid` = 1 AND `status` = 1 AND `is_temp` = 0 LIMIT 1   [ RunTime:0.0000s ]
NOTIC: [8] Undefined index: format E:\workbench\cgw\App\Api\Controller\ApiController.class.php 第 62 行.
SQL: SELECT `type`,`name`,`value` FROM `cgw_config` WHERE `status` = 1  [ RunTime:0.0000s ]
NOTIC: [8] Undefined offset: 0 E:\workbench\cgw\ThinkPHP\Library\Think\Db\Driver.class.php 第 113 行.
NOTIC: [8] Undefined offset: 0 E:\workbench\cgw\ThinkPHP\Library\Think\Db\Driver.class.php 第 113 行.
NOTIC: [8] Undefined variable: isInternalCall E:\workbench\cgw\App\Api\Controller\ApiController.class.php 第 33 行.
NOTIC: [8] Undefined variable: array E:\workbench\cgw\App\Blog\Model\CateModel.class.php 第 16 行.
SQL: SELECT `id`,`name`,`pid` FROM `cgw_cate` WHERE `status` = 1 ORDER BY ordid  [ RunTime:0.0010s ]
SQL: SELECT COUNT(*) AS tp_count FROM `cgw_article` WHERE `cid` IN ('1','2','3','4','5','6','7','8','11') AND `status` IN ('1') LIMIT 1   [ RunTime:0.0010s ]
SQL: SELECT * FROM `cgw_article` WHERE `cid` IN ('1','2','3','4','5','6','7','8','11') AND `status` IN ('1') ORDER BY view desc LIMIT 5   [ RunTime:0.0020s ]
SQL: SELECT * FROM `cgw_article` WHERE `id` = 5 LIMIT 1   [ RunTime:0.0010s ]
SQL: SELECT `user_id` FROM `cgw_role_user`  [ RunTime:0.0010s ]
SQL: SELECT `nickname` FROM `cgw_member` WHERE `uid` = 1 LIMIT 1   [ RunTime:0.0010s ]
NOTIC: [8] Undefined offset: 0 E:\workbench\cgw\ThinkPHP\Library\Think\Db\Driver.class.php 第 113 行.
SQL: SELECT * FROM `cgw_avatar` WHERE `uid` = 1 AND `status` = 1 AND `is_temp` = 0 LIMIT 1   [ RunTime:0.0000s ]
SQL: SELECT * FROM `cgw_avatar` WHERE `uid` = 1 AND `status` = 1 AND `is_temp` = 0 LIMIT 1   [ RunTime:0.0000s ]
SQL: SELECT * FROM `cgw_article` WHERE `id` = 2 LIMIT 1   [ RunTime:0.0010s ]
SQL: SELECT `user_id` FROM `cgw_role_user`  [ RunTime:0.0010s ]
SQL: SELECT `nickname` FROM `cgw_member` WHERE `uid` = 1 LIMIT 1   [ RunTime:0.0010s ]
NOTIC: [8] Undefined offset: 0 E:\workbench\cgw\ThinkPHP\Library\Think\Db\Driver.class.php 第 113 行.
SQL: SELECT * FROM `cgw_avatar` WHERE `uid` = 1 AND `status` = 1 AND `is_temp` = 0 LIMIT 1   [ RunTime:0.0010s ]
SQL: SELECT * FROM `cgw_avatar` WHERE `uid` = 1 AND `status` = 1 AND `is_temp` = 0 LIMIT 1   [ RunTime:0.0000s ]
SQL: SELECT * FROM `cgw_article` WHERE `id` = 8 LIMIT 1   [ RunTime:0.0010s ]
SQL: SELECT `user_id` FROM `cgw_role_user`  [ RunTime:0.0000s ]
SQL: SELECT `nickname` FROM `cgw_member` WHERE `uid` = 1 LIMIT 1   [ RunTime:0.0010s ]
NOTIC: [8] Undefined offset: 0 E:\workbench\cgw\ThinkPHP\Library\Think\Db\Driver.class.php 第 113 行.
SQL: SELECT * FROM `cgw_avatar` WHERE `uid` = 1 AND `status` = 1 AND `is_temp` = 0 LIMIT 1   [ RunTime:0.0010s ]
SQL: SELECT * FROM `cgw_avatar` WHERE `uid` = 1 AND `status` = 1 AND `is_temp` = 0 LIMIT 1   [ RunTime:0.0000s ]
SQL: SELECT * FROM `cgw_article` WHERE `id` = 64 LIMIT 1   [ RunTime:0.0000s ]
SQL: SELECT `user_id` FROM `cgw_role_user`  [ RunTime:0.0000s ]
SQL: SELECT `nickname` FROM `cgw_member` WHERE `uid` = 1 LIMIT 1   [ RunTime:0.0000s ]
NOTIC: [8] Undefined offset: 0 E:\workbench\cgw\ThinkPHP\Library\Think\Db\Driver.class.php 第 113 行.
SQL: SELECT * FROM `cgw_avatar` WHERE `uid` = 1 AND `status` = 1 AND `is_temp` = 0 LIMIT 1   [ RunTime:0.0010s ]
SQL: SELECT * FROM `cgw_avatar` WHERE `uid` = 1 AND `status` = 1 AND `is_temp` = 0 LIMIT 1   [ RunTime:0.0000s ]
SQL: SELECT * FROM `cgw_article` WHERE `id` = 4 LIMIT 1   [ RunTime:0.0000s ]
SQL: SELECT `user_id` FROM `cgw_role_user`  [ RunTime:0.0010s ]
SQL: SELECT `nickname` FROM `cgw_member` WHERE `uid` = 1 LIMIT 1   [ RunTime:0.0000s ]
NOTIC: [8] Undefined offset: 0 E:\workbench\cgw\ThinkPHP\Library\Think\Db\Driver.class.php 第 113 行.
SQL: SELECT * FROM `cgw_avatar` WHERE `uid` = 1 AND `status` = 1 AND `is_temp` = 0 LIMIT 1   [ RunTime:0.0010s ]
SQL: SELECT * FROM `cgw_avatar` WHERE `uid` = 1 AND `status` = 1 AND `is_temp` = 0 LIMIT 1   [ RunTime:0.0000s ]
NOTIC: [8] Undefined index: format E:\workbench\cgw\App\Api\Controller\ApiController.class.php 第 62 行.
SQL: SELECT `type`,`name`,`value` FROM `cgw_config` WHERE `status` = 1  [ RunTime:0.0010s ]
NOTIC: [8] Undefined offset: 0 E:\workbench\cgw\ThinkPHP\Library\Think\Db\Driver.class.php 第 113 行.
NOTIC: [8] Undefined offset: 0 E:\workbench\cgw\ThinkPHP\Library\Think\Db\Driver.class.php 第 113 行.
NOTIC: [8] Undefined variable: isInternalCall E:\workbench\cgw\App\Api\Controller\ApiController.class.php 第 33 行.
NOTIC: [8] Undefined variable: array E:\workbench\cgw\App\Blog\Model\CateModel.class.php 第 16 行.
SQL: SELECT `id`,`name`,`pid` FROM `cgw_cate` WHERE `status` = 1 ORDER BY ordid  [ RunTime:0.0010s ]
SQL: SELECT COUNT(*) AS tp_count FROM `cgw_article` WHERE `cid` IN ('1','2','3','4','5','6','7','8','11') AND `status` IN ('1') LIMIT 1   [ RunTime:0.0010s ]
SQL: SELECT * FROM `cgw_article` WHERE `cid` IN ('1','2','3','4','5','6','7','8','11') AND `status` IN ('1') ORDER BY reply_count desc LIMIT 7   [ RunTime:0.0030s ]
SQL: SELECT * FROM `cgw_article` WHERE `id` = 5 LIMIT 1   [ RunTime:0.0010s ]
SQL: SELECT `user_id` FROM `cgw_role_user`  [ RunTime:0.0000s ]
SQL: SELECT `nickname` FROM `cgw_member` WHERE `uid` = 1 LIMIT 1   [ RunTime:0.0010s ]
NOTIC: [8] Undefined offset: 0 E:\workbench\cgw\ThinkPHP\Library\Think\Db\Driver.class.php 第 113 行.
SQL: SELECT * FROM `cgw_avatar` WHERE `uid` = 1 AND `status` = 1 AND `is_temp` = 0 LIMIT 1   [ RunTime:0.0000s ]
SQL: SELECT * FROM `cgw_avatar` WHERE `uid` = 1 AND `status` = 1 AND `is_temp` = 0 LIMIT 1   [ RunTime:0.0000s ]
SQL: SELECT * FROM `cgw_article` WHERE `id` = 2 LIMIT 1   [ RunTime:0.0010s ]
SQL: SELECT `user_id` FROM `cgw_role_user`  [ RunTime:0.0000s ]
SQL: SELECT `nickname` FROM `cgw_member` WHERE `uid` = 1 LIMIT 1   [ RunTime:0.0010s ]
NOTIC: [8] Undefined offset: 0 E:\workbench\cgw\ThinkPHP\Library\Think\Db\Driver.class.php 第 113 行.
SQL: SELECT * FROM `cgw_avatar` WHERE `uid` = 1 AND `status` = 1 AND `is_temp` = 0 LIMIT 1   [ RunTime:0.0010s ]
SQL: SELECT * FROM `cgw_avatar` WHERE `uid` = 1 AND `status` = 1 AND `is_temp` = 0 LIMIT 1   [ RunTime:0.0000s ]
SQL: SELECT * FROM `cgw_article` WHERE `id` = 8 LIMIT 1   [ RunTime:0.0010s ]
SQL: SELECT `user_id` FROM `cgw_role_user`  [ RunTime:0.0000s ]
SQL: SELECT `nickname` FROM `cgw_member` WHERE `uid` = 1 LIMIT 1   [ RunTime:0.0010s ]
NOTIC: [8] Undefined offset: 0 E:\workbench\cgw\ThinkPHP\Library\Think\Db\Driver.class.php 第 113 行.
SQL: SELECT * FROM `cgw_avatar` WHERE `uid` = 1 AND `status` = 1 AND `is_temp` = 0 LIMIT 1   [ RunTime:0.0010s ]
SQL: SELECT * FROM `cgw_avatar` WHERE `uid` = 1 AND `status` = 1 AND `is_temp` = 0 LIMIT 1   [ RunTime:0.0000s ]
SQL: SELECT * FROM `cgw_article` WHERE `id` = 4 LIMIT 1   [ RunTime:0.0010s ]
SQL: SELECT `user_id` FROM `cgw_role_user`  [ RunTime:0.0000s ]
SQL: SELECT `nickname` FROM `cgw_member` WHERE `uid` = 1 LIMIT 1   [ RunTime:0.0000s ]
NOTIC: [8] Undefined offset: 0 E:\workbench\cgw\ThinkPHP\Library\Think\Db\Driver.class.php 第 113 行.
SQL: SELECT * FROM `cgw_avatar` WHERE `uid` = 1 AND `status` = 1 AND `is_temp` = 0 LIMIT 1   [ RunTime:0.0010s ]
SQL: SELECT * FROM `cgw_avatar` WHERE `uid` = 1 AND `status` = 1 AND `is_temp` = 0 LIMIT 1   [ RunTime:0.0010s ]
SQL: SELECT * FROM `cgw_article` WHERE `id` = 56 LIMIT 1   [ RunTime:0.0010s ]
SQL: SELECT `user_id` FROM `cgw_role_user`  [ RunTime:0.0010s ]
SQL: SELECT `nickname` FROM `cgw_member` WHERE `uid` = 1 LIMIT 1   [ RunTime:0.0000s ]
NOTIC: [8] Undefined offset: 0 E:\workbench\cgw\ThinkPHP\Library\Think\Db\Driver.class.php 第 113 行.
SQL: SELECT * FROM `cgw_avatar` WHERE `uid` = 1 AND `status` = 1 AND `is_temp` = 0 LIMIT 1   [ RunTime:0.0010s ]
SQL: SELECT * FROM `cgw_avatar` WHERE `uid` = 1 AND `status` = 1 AND `is_temp` = 0 LIMIT 1   [ RunTime:0.0010s ]
SQL: SELECT `id` FROM `cgw_tags` WHERE `title` = 'SQL注入' AND `type` = 1 LIMIT 1   [ RunTime:0.0000s ]
SQL: SELECT * FROM `cgw_article` WHERE `id` = 3 LIMIT 1   [ RunTime:0.0020s ]
SQL: SELECT `user_id` FROM `cgw_role_user`  [ RunTime:0.0000s ]
SQL: SELECT `nickname` FROM `cgw_member` WHERE `uid` = 1 LIMIT 1   [ RunTime:0.0010s ]
NOTIC: [8] Undefined offset: 0 E:\workbench\cgw\ThinkPHP\Library\Think\Db\Driver.class.php 第 113 行.
SQL: SELECT * FROM `cgw_avatar` WHERE `uid` = 1 AND `status` = 1 AND `is_temp` = 0 LIMIT 1   [ RunTime:0.0010s ]
SQL: SELECT * FROM `cgw_avatar` WHERE `uid` = 1 AND `status` = 1 AND `is_temp` = 0 LIMIT 1   [ RunTime:0.0010s ]
SQL: SELECT * FROM `cgw_article` WHERE `id` = 6 LIMIT 1   [ RunTime:0.0020s ]
SQL: SELECT `user_id` FROM `cgw_role_user`  [ RunTime:0.0000s ]
SQL: SELECT `nickname` FROM `cgw_member` WHERE `uid` = 1 LIMIT 1   [ RunTime:0.0020s ]
NOTIC: [8] Undefined offset: 0 E:\workbench\cgw\ThinkPHP\Library\Think\Db\Driver.class.php 第 113 行.
SQL: SELECT * FROM `cgw_avatar` WHERE `uid` = 1 AND `status` = 1 AND `is_temp` = 0 LIMIT 1   [ RunTime:0.0010s ]
SQL: SELECT * FROM `cgw_avatar` WHERE `uid` = 1 AND `status` = 1 AND `is_temp` = 0 LIMIT 1   [ RunTime:0.0010s ]
NOTIC: [8] Undefined index: format E:\workbench\cgw\App\Api\Controller\ApiController.class.php 第 62 行.
SQL: SELECT `type`,`name`,`value` FROM `cgw_config` WHERE `status` = 1  [ RunTime:0.0010s ]
NOTIC: [8] Undefined offset: 0 E:\workbench\cgw\ThinkPHP\Library\Think\Db\Driver.class.php 第 113 行.
NOTIC: [8] Undefined offset: 0 E:\workbench\cgw\ThinkPHP\Library\Think\Db\Driver.class.php 第 113 行.
NOTIC: [8] Undefined variable: isInternalCall E:\workbench\cgw\App\Api\Controller\ApiController.class.php 第 33 行.
SQL: SHOW COLUMNS FROM `cgw_tags` [ RunTime:0.0020s ]
SQL: SELECT * FROM `cgw_tags` WHERE `type` IN ('1') ORDER BY num desc LIMIT 15   [ RunTime:0.0020s ]
SQL: SHOW COLUMNS FROM `cgw_picture` [ RunTime:0.0300s ]
SQL: SELECT * FROM `cgw_picture` WHERE `status` = 1 AND `id` = 0 LIMIT 1   [ RunTime:0.0010s ]
SQL: SELECT * FROM `cgw_picture` WHERE `status` = 1 AND `id` = 0 LIMIT 1   [ RunTime:0.0010s ]
SQL: SELECT * FROM `cgw_picture` WHERE `status` = 1 AND `id` = 0 LIMIT 1   [ RunTime:0.0010s ]
SQL: SELECT * FROM `cgw_picture` WHERE `status` = 1 AND `id` = 0 LIMIT 1   [ RunTime:0.0000s ]
SQL: SELECT * FROM `cgw_picture` WHERE `status` = 1 AND `id` = 0 LIMIT 1   [ RunTime:0.0010s ]
SQL: SELECT * FROM `cgw_picture` WHERE `status` = 1 AND `id` = 0 LIMIT 1   [ RunTime:0.0020s ]
SQL: SELECT * FROM `cgw_picture` WHERE `status` = 1 AND `id` = 0 LIMIT 1   [ RunTime:0.0010s ]
SQL: SELECT * FROM `cgw_picture` WHERE `status` = 1 AND `id` = 0 LIMIT 1   [ RunTime:0.0010s ]
SQL: SELECT * FROM `cgw_picture` WHERE `status` = 1 AND `id` = 0 LIMIT 1   [ RunTime:0.0000s ]
SQL: SELECT * FROM `cgw_picture` WHERE `status` = 1 AND `id` = 0 LIMIT 1   [ RunTime:0.0010s ]
SQL: SELECT * FROM `cgw_picture` WHERE `status` = 1 AND `id` = 0 LIMIT 1   [ RunTime:0.0000s ]
SQL: SELECT * FROM `cgw_picture` WHERE `status` = 1 AND `id` = 0 LIMIT 1   [ RunTime:0.0000s ]
SQL: SELECT * FROM `cgw_picture` WHERE `status` = 1 AND `id` = 0 LIMIT 1   [ RunTime:0.0010s ]
SQL: SELECT * FROM `cgw_picture` WHERE `status` = 1 AND `id` = 0 LIMIT 1   [ RunTime:0.0000s ]
SQL: SELECT * FROM `cgw_picture` WHERE `status` = 1 AND `id` = 0 LIMIT 1   [ RunTime:0.0010s ]
NOTIC: [8] Undefined index: format E:\workbench\cgw\App\Api\Controller\ApiController.class.php 第 62 行.
INFO: [ friendLink ] --START--
SQL: SHOW COLUMNS FROM `cgw_super_links` [ RunTime:0.0070s ]
SQL: SELECT * FROM `cgw_super_links` WHERE ( status = 1 ) ORDER BY level desc,id asc  [ RunTime:0.0010s ]
SQL: SHOW COLUMNS FROM `cgw_picture` [ RunTime:0.0010s ]
SQL: SELECT * FROM `cgw_picture` WHERE `id` = 0 LIMIT 1   [ RunTime:0.0000s ]
SQL: SELECT * FROM `cgw_picture` WHERE `id` = 0 LIMIT 1   [ RunTime:0.0040s ]
SQL: SELECT * FROM `cgw_picture` WHERE `id` = 0 LIMIT 1   [ RunTime:0.0010s ]
SQL: SELECT * FROM `cgw_picture` WHERE `id` = 0 LIMIT 1   [ RunTime:0.0000s ]
NOTIC: [2] Invalid argument supplied for foreach() E:\workbench\cgw\Addons\SuperLinks\SuperLinksAddon.class.php 第 96 行.
INFO: [ view_parse ] --START--
INFO: [ template_filter ] --START--
INFO: Run Behavior\ContentReplaceBehavior [ RunTime:0.000000s ]
INFO: [ template_filter ] --END-- [ RunTime:-1.373079s ]
NOTIC: [8] Undefined variable: po E:\workbench\cgw\Runtime\App\Cache\Blog\a9da3c76ae86b611e87c14237d043ac6.php 第 12 行.
NOTIC: [8] Undefined variable: po E:\workbench\cgw\Runtime\App\Cache\Blog\a9da3c76ae86b611e87c14237d043ac6.php 第 12 行.
NOTIC: [8] Undefined variable: po E:\workbench\cgw\Runtime\App\Cache\Blog\a9da3c76ae86b611e87c14237d043ac6.php 第 12 行.
NOTIC: [8] Undefined variable: po E:\workbench\cgw\Runtime\App\Cache\Blog\a9da3c76ae86b611e87c14237d043ac6.php 第 12 行.
INFO: Run Behavior\ParseTemplateBehavior [ RunTime:0.017001s ]
INFO: [ view_parse ] --END-- [ RunTime:0.017001s ]
INFO: [ view_filter ] --START--
INFO: Run Behavior\WriteHtmlCacheBehavior [ RunTime:0.025002s ]
INFO: [ view_filter ] --END-- [ RunTime:0.025002s ]
INFO: Run Addons\SuperLinks\SuperLinksAddon [ RunTime:0.131008s ]
INFO: [ friendLink ] --END-- [ RunTime:0.132008s ]
INFO: [ pageFooter ] --START--
INFO: Run Addons\SuperLinks\SuperLinksAddon [ RunTime:0.001000s ]
INFO: [ pageFooter ] --END-- [ RunTime:0.001000s ]
INFO: Run Behavior\ParseTemplateBehavior [ RunTime:0.043003s ]
INFO: [ view_parse ] --END-- [ RunTime:0.017001s ]
INFO: [ view_filter ] --START--
INFO: Run Behavior\WriteHtmlCacheBehavior [ RunTime:0.000000s ]
INFO: [ view_filter ] --END-- [ RunTime:-0.002000s ]
NOTIC: [2] Cannot modify header information - headers already sent E:\workbench\cgw\ThinkPHP\Library\Think\View.class.php 第 91 行.
NOTIC: [2] Cannot modify header information - headers already sent E:\workbench\cgw\ThinkPHP\Library\Think\View.class.php 第 92 行.
NOTIC: [2] Cannot modify header information - headers already sent E:\workbench\cgw\ThinkPHP\Library\Think\View.class.php 第 93 行.
INFO: [ app_end ] --START--
INFO: Run Behavior\ShowPageTraceBehavior [ RunTime:0.031002s ]
INFO: [ app_end ] --END-- [ RunTime:0.032002s ]

