[ 2017-08-22T00:17:55+08:00 ] 192.168.1.104 /
INFO: [ app_init ] --START--
INFO: Run Behavior\BuildLiteBehavior [ RunTime:0.000031s ]
INFO: Run Common\Behavior\InitHookBehavior [ RunTime:0.043598s ]
INFO: [ app_init ] --END-- [ RunTime:0.046761s ]
INFO: [ app_begin ] --START--
INFO: Run Behavior\ReadHtmlCacheBehavior [ RunTime:0.004358s ]
INFO: [ app_begin ] --END-- [ RunTime:0.004458s ]
ERR: SQLSTATE[HY000] [1045] Access denied for user 'root'@'localhost' (using password: NO)

[ 2017-08-22T07:15:12+08:00 ] 192.168.1.104 /
INFO: [ app_init ] --START--
INFO: Run Behavior\BuildLiteBehavior [ RunTime:0.000000s ]
INFO: Run Common\Behavior\InitHookBehavior [ RunTime:0.085297s ]
INFO: [ app_init ] --END-- [ RunTime:0.124727s ]
INFO: [ app_begin ] --START--
INFO: Run Behavior\ReadHtmlCacheBehavior [ RunTime:0.018883s ]
INFO: [ app_begin ] --END-- [ RunTime:0.019858s ]
ERR: SQLSTATE[HY000] [1045] Access denied for user 'root'@'localhost' (using password: NO)

[ 2017-08-22T07:15:58+08:00 ] 192.168.1.104 /
INFO: [ app_init ] --START--
INFO: Run Behavior\BuildLiteBehavior [ RunTime:0.000023s ]
INFO: Run Common\Behavior\InitHookBehavior [ RunTime:0.018417s ]
INFO: [ app_init ] --END-- [ RunTime:0.020552s ]
INFO: [ app_begin ] --START--
INFO: Run Behavior\ReadHtmlCacheBehavior [ RunTime:0.002575s ]
INFO: [ app_begin ] --END-- [ RunTime:0.002697s ]
SQL: SHOW COLUMNS FROM `cgw_config` [ RunTime:0.0211s ]
SQL: SELECT `type`,`name`,`value` FROM `cgw_config` WHERE `status` = 1  [ RunTime:0.0019s ]
SQL: SHOW COLUMNS FROM `cgw_member` [ RunTime:0.0029s ]
NOTIC: [8] Undefined offset: 1 /var/www/cgw/App/Blog/Model/MemberModel.class.php 第 171 行.
SQL: SHOW COLUMNS FROM `cgw_user_token` [ RunTime:0.0017s ]
SQL: SELECT * FROM `cgw_user_token` WHERE `uid` = null LIMIT 1   [ RunTime:0.0012s ]
NOTIC: [8] Undefined offset: 2 /var/www/cgw/App/Blog/Model/MemberModel.class.php 第 173 行.
NOTIC: [8] Undefined offset: 1 /var/www/cgw/App/Blog/Model/MemberModel.class.php 第 173 行.
NOTIC: [8] Undefined index: zs_home /var/www/cgw/App/Blog/Controller/BlogController.class.php 第 21 行.
NOTIC: [8] Undefined index: zs_home /var/www/cgw/App/Blog/Controller/BlogController.class.php 第 23 行.
SQL: SHOW COLUMNS FROM `cgw_member` [ RunTime:0.0008s ]
SQL: SELECT `score` FROM `cgw_member` WHERE `uid` = null LIMIT 1   [ RunTime:0.0227s ]
NOTIC: [8] Undefined index: zs_home /var/www/cgw/App/Blog/Controller/BlogController.class.php 第 26 行.
SQL: SHOW COLUMNS FROM `cgw_message` [ RunTime:0.0027s ]
SQL: SELECT COUNT(*) AS tp_count FROM `cgw_message` WHERE `status` = 1 AND `is_read` = 0 AND `to_uid` = null LIMIT 1   [ RunTime:0.0018s ]
NOTIC: [8] Undefined index: zs_home /var/www/cgw/App/Blog/Controller/BlogController.class.php 第 29 行.
SQL: SHOW COLUMNS FROM `cgw_role_user` [ RunTime:0.0020s ]
SQL: SELECT `user_id` FROM `cgw_role_user`  [ RunTime:0.0010s ]
NOTIC: [8] Undefined index: zs_home /var/www/cgw/App/Common/Common/user.php 第 486 行.
NOTIC: [8] Undefined variable: nb /var/www/cgw/App/Common/Api/CategoryApi.class.php 第 38 行.
SQL: SHOW COLUMNS FROM `cgw_cate` [ RunTime:0.0109s ]
SQL: SELECT * FROM `cgw_cate` WHERE `pid` = 0 AND `type` = 1 ORDER BY ordid asc,id desc  [ RunTime:0.0018s ]
SQL: SELECT * FROM `cgw_cate` WHERE `pid` = 1 AND `type` = 1 ORDER BY ordid asc,id desc  [ RunTime:0.0004s ]
SQL: SELECT * FROM `cgw_cate` WHERE `pid` = 11 AND `type` = 1 ORDER BY ordid asc,id desc  [ RunTime:0.0002s ]
SQL: SELECT * FROM `cgw_cate` WHERE `pid` = 13 AND `type` = 1 ORDER BY ordid asc,id desc  [ RunTime:0.0002s ]
SQL: SELECT * FROM `cgw_cate` WHERE `pid` = 12 AND `type` = 1 ORDER BY ordid asc,id desc  [ RunTime:0.0002s ]
SQL: SELECT * FROM `cgw_cate` WHERE `pid` = 8 AND `type` = 1 ORDER BY ordid asc,id desc  [ RunTime:0.0002s ]
SQL: SELECT * FROM `cgw_cate` WHERE `pid` = 10 AND `type` = 1 ORDER BY ordid asc,id desc  [ RunTime:0.0002s ]
SQL: SELECT * FROM `cgw_cate` WHERE `pid` = 9 AND `type` = 1 ORDER BY ordid asc,id desc  [ RunTime:0.0003s ]
SQL: SELECT * FROM `cgw_cate` WHERE `pid` = 7 AND `type` = 1 ORDER BY ordid asc,id desc  [ RunTime:0.0005s ]
SQL: SELECT * FROM `cgw_cate` WHERE `pid` = 6 AND `type` = 1 ORDER BY ordid asc,id desc  [ RunTime:0.0006s ]
SQL: SELECT * FROM `cgw_cate` WHERE `pid` = 5 AND `type` = 1 ORDER BY ordid asc,id desc  [ RunTime:0.0003s ]
SQL: SELECT * FROM `cgw_cate` WHERE `pid` = 4 AND `type` = 1 ORDER BY ordid asc,id desc  [ RunTime:0.0004s ]
SQL: SELECT * FROM `cgw_cate` WHERE `pid` = 3 AND `type` = 1 ORDER BY ordid asc,id desc  [ RunTime:0.0004s ]
SQL: SELECT * FROM `cgw_cate` WHERE `pid` = 2 AND `type` = 1 ORDER BY ordid asc,id desc  [ RunTime:0.0002s ]
SQL: SELECT `user_id` FROM `cgw_role_user`  [ RunTime:0.0005s ]
SQL: SELECT COUNT(*) AS tp_count FROM `cgw_cate` WHERE `type` = 1 AND `enable` = 1 LIMIT 1   [ RunTime:0.0003s ]
SQL: SHOW COLUMNS FROM `cgw_cate` [ RunTime:0.0010s ]
SQL: SELECT * FROM `cgw_cate` WHERE `status` = 1 AND `type` = 1  [ RunTime:0.0001s ]
SQL: SHOW COLUMNS FROM `cgw_cate` [ RunTime:0.0010s ]
SQL: SELECT *,CONCAT(spid,id) as path2 FROM `cgw_cate` WHERE `type` = 1 AND `status` = 1 ORDER BY path2  [ RunTime:0.0005s ]
SQL: SHOW COLUMNS FROM `cgw_nav` [ RunTime:0.0021s ]
SQL: SELECT * FROM `cgw_nav` WHERE `status` = 1 ORDER BY sort desc  [ RunTime:0.0019s ]
SQL: SELECT * FROM `cgw_nav` WHERE `id` = 1 LIMIT 1   [ RunTime:0.0005s ]
SQL: SELECT * FROM `cgw_nav` WHERE `id` = 1 LIMIT 1   [ RunTime:0.0001s ]
SQL: SELECT * FROM `cgw_nav` WHERE `id` = 1 LIMIT 1   [ RunTime:0.0002s ]
NOTIC: [8] Undefined variable: active /var/www/cgw/App/Common/Common/function.php 第 141 行.
SQL: SELECT * FROM `cgw_nav` WHERE `id` = 2 LIMIT 1   [ RunTime:0.0010s ]
SQL: SELECT * FROM `cgw_nav` WHERE `id` = 2 LIMIT 1   [ RunTime:0.0002s ]
SQL: SELECT * FROM `cgw_nav` WHERE `id` = 2 LIMIT 1   [ RunTime:0.0002s ]
NOTIC: [8] Undefined variable: active /var/www/cgw/App/Common/Common/function.php 第 141 行.
SQL: SELECT COUNT(*) AS tp_count FROM `cgw_cate` WHERE `type` = 1 AND `pid` = 0 AND `status` = 1 LIMIT 1   [ RunTime:0.0003s ]
INFO: [ view_begin ] --START--
INFO: Run Common\Behavior\basictemplateBehavior [ RunTime:0.026107s ]
INFO: [ view_begin ] --END-- [ RunTime:0.026274s ]
INFO: [ view_parse ] --START--
INFO: [ template_filter ] --START--
INFO: Run Behavior\ContentReplaceBehavior [ RunTime:0.000152s ]
INFO: [ template_filter ] --END-- [ RunTime:0.000292s ]
NOTIC: [8] Undefined variable: webdescription /var/www/cgw/Runtime/App/Cache/Blog/8edcbfec52ed8f780c8f51f886be2e1e.php 第 5 行.
NOTIC: [8] Undefined variable: webdescription /var/www/cgw/Runtime/App/Cache/Blog/8edcbfec52ed8f780c8f51f886be2e1e.php 第 5 行.
NOTIC: [8] Undefined variable: webkeyword /var/www/cgw/Runtime/App/Cache/Blog/8edcbfec52ed8f780c8f51f886be2e1e.php 第 6 行.
NOTIC: [8] Undefined variable: webkeyword /var/www/cgw/Runtime/App/Cache/Blog/8edcbfec52ed8f780c8f51f886be2e1e.php 第 6 行.
SQL: SELECT `type`,`name`,`value` FROM `cgw_config` WHERE `status` = 1  [ RunTime:0.0007s ]
NOTIC: [8] Undefined index: lite /var/www/cgw/ThinkPHP/Library/Think/Db.class.php 第 37 行.
NOTIC: [8] Undefined variable: isInternalCall /var/www/cgw/App/Api/Controller/ApiController.class.php 第 33 行.
SQL: SHOW COLUMNS FROM `cgw_article` [ RunTime:0.0109s ]
SQL: SHOW COLUMNS FROM `cgw_cate` [ RunTime:0.0013s ]
NOTIC: [8] Undefined variable: array /var/www/cgw/App/Blog/Model/CateModel.class.php 第 16 行.
SQL: SELECT `id`,`name`,`pid` FROM `cgw_cate` WHERE `status` = 1 ORDER BY ordid  [ RunTime:0.0004s ]
SQL: SELECT COUNT(*) AS tp_count FROM `cgw_article` WHERE `cid` IN ('1','2','3','4','5','6','7','8','11') AND `status` IN ('1') LIMIT 1   [ RunTime:0.0155s ]
SQL: SELECT * FROM `cgw_article` WHERE `cid` IN ('1','2','3','4','5','6','7','8','11') AND `status` IN ('1') ORDER BY tj desc,id desc LIMIT 0,10   [ RunTime:0.0031s ]
SQL: SHOW COLUMNS FROM `cgw_article` [ RunTime:0.0021s ]
SQL: SELECT * FROM `cgw_article` WHERE `id` = 76 LIMIT 1   [ RunTime:0.0004s ]
SQL: SELECT `user_id` FROM `cgw_role_user`  [ RunTime:0.0002s ]
SQL: SHOW COLUMNS FROM `cgw_member` [ RunTime:0.0004s ]
SQL: SHOW COLUMNS FROM `cgw_ucenter_member` [ RunTime:0.0021s ]
SQL: SHOW COLUMNS FROM `cgw_member` [ RunTime:0.0009s ]
SQL: SELECT `nickname` FROM `cgw_member` WHERE `uid` = 1 LIMIT 1   [ RunTime:0.0016s ]
SQL: SHOW COLUMNS FROM `cgw_avatar` [ RunTime:0.0256s ]
SQL: SELECT * FROM `cgw_avatar` WHERE `uid` = 1 AND `status` = 1 AND `is_temp` = 0 LIMIT 1   [ RunTime:0.0022s ]
SQL: SELECT * FROM `cgw_avatar` WHERE `uid` = 1 AND `status` = 1 AND `is_temp` = 0 LIMIT 1   [ RunTime:0.0000s ]
NOTIC: [8] Undefined index: nickname /var/www/cgw/App/Common/Common/user.php 第 350 行.
SQL: SHOW COLUMNS FROM `cgw_tags` [ RunTime:0.0036s ]
SQL: SELECT `id` FROM `cgw_tags` WHERE `title` = '程序员' AND `type` = 1 LIMIT 1   [ RunTime:0.0015s ]
SQL: SELECT * FROM `cgw_article` WHERE `id` = 75 LIMIT 1   [ RunTime:0.0004s ]
SQL: SELECT `user_id` FROM `cgw_role_user`  [ RunTime:0.0008s ]
SQL: SELECT `nickname` FROM `cgw_member` WHERE `uid` = 1 LIMIT 1   [ RunTime:0.0002s ]
SQL: SELECT * FROM `cgw_avatar` WHERE `uid` = 1 AND `status` = 1 AND `is_temp` = 0 LIMIT 1   [ RunTime:0.0003s ]
SQL: SELECT * FROM `cgw_avatar` WHERE `uid` = 1 AND `status` = 1 AND `is_temp` = 0 LIMIT 1   [ RunTime:0.0003s ]
NOTIC: [8] Undefined index: nickname /var/www/cgw/App/Common/Common/user.php 第 350 行.
SQL: SELECT `id` FROM `cgw_tags` WHERE `title` = '练级攻略' AND `type` = 1 LIMIT 1   [ RunTime:0.0003s ]
SQL: SELECT * FROM `cgw_article` WHERE `id` = 74 LIMIT 1   [ RunTime:0.0006s ]
SQL: SELECT `user_id` FROM `cgw_role_user`  [ RunTime:0.0006s ]
SQL: SELECT `nickname` FROM `cgw_member` WHERE `uid` = 1 LIMIT 1   [ RunTime:0.0003s ]
SQL: SELECT * FROM `cgw_avatar` WHERE `uid` = 1 AND `status` = 1 AND `is_temp` = 0 LIMIT 1   [ RunTime:0.0002s ]
SQL: SELECT * FROM `cgw_avatar` WHERE `uid` = 1 AND `status` = 1 AND `is_temp` = 0 LIMIT 1   [ RunTime:0.0002s ]
NOTIC: [8] Undefined index: nickname /var/www/cgw/App/Common/Common/user.php 第 350 行.
SQL: SELECT `id` FROM `cgw_tags` WHERE `title` = 'Sphinx' AND `type` = 1 LIMIT 1   [ RunTime:0.0003s ]
SQL: SELECT * FROM `cgw_article` WHERE `id` = 73 LIMIT 1   [ RunTime:0.0004s ]
SQL: SELECT `user_id` FROM `cgw_role_user`  [ RunTime:0.0012s ]
SQL: SELECT `nickname` FROM `cgw_member` WHERE `uid` = 1 LIMIT 1   [ RunTime:0.0005s ]
SQL: SELECT * FROM `cgw_avatar` WHERE `uid` = 1 AND `status` = 1 AND `is_temp` = 0 LIMIT 1   [ RunTime:0.0005s ]
SQL: SELECT * FROM `cgw_avatar` WHERE `uid` = 1 AND `status` = 1 AND `is_temp` = 0 LIMIT 1   [ RunTime:0.0003s ]
NOTIC: [8] Undefined index: nickname /var/www/cgw/App/Common/Common/user.php 第 350 行.
SQL: SELECT `id` FROM `cgw_tags` WHERE `title` = '分布式' AND `type` = 1 LIMIT 1   [ RunTime:0.0003s ]
SQL: SELECT * FROM `cgw_article` WHERE `id` = 72 LIMIT 1   [ RunTime:0.0003s ]
SQL: SELECT `user_id` FROM `cgw_role_user`  [ RunTime:0.0002s ]
SQL: SELECT `nickname` FROM `cgw_member` WHERE `uid` = 1 LIMIT 1   [ RunTime:0.0005s ]
SQL: SELECT * FROM `cgw_avatar` WHERE `uid` = 1 AND `status` = 1 AND `is_temp` = 0 LIMIT 1   [ RunTime:0.0002s ]
SQL: SELECT * FROM `cgw_avatar` WHERE `uid` = 1 AND `status` = 1 AND `is_temp` = 0 LIMIT 1   [ RunTime:0.0003s ]
NOTIC: [8] Undefined index: nickname /var/www/cgw/App/Common/Common/user.php 第 350 行.
SQL: SELECT `id` FROM `cgw_tags` WHERE `title` = '技巧' AND `type` = 1 LIMIT 1   [ RunTime:0.0003s ]
SQL: SELECT * FROM `cgw_article` WHERE `id` = 71 LIMIT 1   [ RunTime:0.0004s ]
SQL: SELECT `user_id` FROM `cgw_role_user`  [ RunTime:0.0002s ]
SQL: SELECT `nickname` FROM `cgw_member` WHERE `uid` = 1 LIMIT 1   [ RunTime:0.0003s ]
SQL: SELECT * FROM `cgw_avatar` WHERE `uid` = 1 AND `status` = 1 AND `is_temp` = 0 LIMIT 1   [ RunTime:0.0004s ]
SQL: SELECT * FROM `cgw_avatar` WHERE `uid` = 1 AND `status` = 1 AND `is_temp` = 0 LIMIT 1   [ RunTime:0.0002s ]
NOTIC: [8] Undefined index: nickname /var/www/cgw/App/Common/Common/user.php 第 350 行.
SQL: SELECT `id` FROM `cgw_tags` WHERE `title` = '代码' AND `type` = 1 LIMIT 1   [ RunTime:0.0003s ]
SQL: SELECT * FROM `cgw_article` WHERE `id` = 70 LIMIT 1   [ RunTime:0.0012s ]
SQL: SELECT `user_id` FROM `cgw_role_user`  [ RunTime:0.0004s ]
SQL: SELECT `nickname` FROM `cgw_member` WHERE `uid` = 1 LIMIT 1   [ RunTime:0.0003s ]
SQL: SELECT * FROM `cgw_avatar` WHERE `uid` = 1 AND `status` = 1 AND `is_temp` = 0 LIMIT 1   [ RunTime:0.0007s ]
SQL: SELECT * FROM `cgw_avatar` WHERE `uid` = 1 AND `status` = 1 AND `is_temp` = 0 LIMIT 1   [ RunTime:0.0003s ]
NOTIC: [8] Undefined index: nickname /var/www/cgw/App/Common/Common/user.php 第 350 行.
SQL: SELECT `id` FROM `cgw_tags` WHERE `title` = '代码' AND `type` = 1 LIMIT 1   [ RunTime:0.0003s ]
SQL: SELECT * FROM `cgw_article` WHERE `id` = 69 LIMIT 1   [ RunTime:0.0003s ]
SQL: SELECT `user_id` FROM `cgw_role_user`  [ RunTime:0.0002s ]
SQL: SELECT `nickname` FROM `cgw_member` WHERE `uid` = 1 LIMIT 1   [ RunTime:0.0002s ]
SQL: SELECT * FROM `cgw_avatar` WHERE `uid` = 1 AND `status` = 1 AND `is_temp` = 0 LIMIT 1   [ RunTime:0.0003s ]
SQL: SELECT * FROM `cgw_avatar` WHERE `uid` = 1 AND `status` = 1 AND `is_temp` = 0 LIMIT 1   [ RunTime:0.0003s ]
NOTIC: [8] Undefined index: nickname /var/www/cgw/App/Common/Common/user.php 第 350 行.
SQL: SELECT `id` FROM `cgw_tags` WHERE `title` = '共享session' AND `type` = 1 LIMIT 1   [ RunTime:0.0003s ]
SQL: SELECT * FROM `cgw_article` WHERE `id` = 68 LIMIT 1   [ RunTime:0.0003s ]
SQL: SELECT `user_id` FROM `cgw_role_user`  [ RunTime:0.0003s ]
SQL: SELECT `nickname` FROM `cgw_member` WHERE `uid` = 1 LIMIT 1   [ RunTime:0.0002s ]
SQL: SELECT * FROM `cgw_avatar` WHERE `uid` = 1 AND `status` = 1 AND `is_temp` = 0 LIMIT 1   [ RunTime:0.0008s ]
SQL: SELECT * FROM `cgw_avatar` WHERE `uid` = 1 AND `status` = 1 AND `is_temp` = 0 LIMIT 1   [ RunTime:0.0002s ]
NOTIC: [8] Undefined index: nickname /var/www/cgw/App/Common/Common/user.php 第 350 行.
SQL: SELECT `id` FROM `cgw_tags` WHERE `title` = '网站架构' AND `type` = 1 LIMIT 1   [ RunTime:0.0002s ]
SQL: SELECT * FROM `cgw_article` WHERE `id` = 67 LIMIT 1   [ RunTime:0.0004s ]
SQL: SELECT `user_id` FROM `cgw_role_user`  [ RunTime:0.0002s ]
SQL: SELECT `nickname` FROM `cgw_member` WHERE `uid` = 1 LIMIT 1   [ RunTime:0.0005s ]
SQL: SELECT * FROM `cgw_avatar` WHERE `uid` = 1 AND `status` = 1 AND `is_temp` = 0 LIMIT 1   [ RunTime:0.0003s ]
SQL: SELECT * FROM `cgw_avatar` WHERE `uid` = 1 AND `status` = 1 AND `is_temp` = 0 LIMIT 1   [ RunTime:0.0004s ]
NOTIC: [8] Undefined index: nickname /var/www/cgw/App/Common/Common/user.php 第 350 行.
SQL: SELECT `id` FROM `cgw_tags` WHERE `title` = '面向对象' AND `type` = 1 LIMIT 1   [ RunTime:0.0005s ]
NOTIC: [8] Undefined index: format /var/www/cgw/App/Api/Controller/ApiController.class.php 第 62 行.
SQL: SELECT `name` FROM `cgw_cate` WHERE `id` = 3 LIMIT 1   [ RunTime:0.0006s ]
SQL: SELECT `name` FROM `cgw_cate` WHERE `id` = 3 LIMIT 1   [ RunTime:0.0003s ]
SQL: SELECT `name` FROM `cgw_cate` WHERE `id` = 3 LIMIT 1   [ RunTime:0.0014s ]
SQL: SELECT `name` FROM `cgw_cate` WHERE `id` = 3 LIMIT 1   [ RunTime:0.0006s ]
SQL: SELECT `name` FROM `cgw_cate` WHERE `id` = 1 LIMIT 1   [ RunTime:0.0007s ]
SQL: SELECT `name` FROM `cgw_cate` WHERE `id` = 3 LIMIT 1   [ RunTime:0.0002s ]
SQL: SELECT `name` FROM `cgw_cate` WHERE `id` = 3 LIMIT 1   [ RunTime:0.0005s ]
SQL: SELECT `name` FROM `cgw_cate` WHERE `id` = 3 LIMIT 1   [ RunTime:0.0005s ]
SQL: SELECT `name` FROM `cgw_cate` WHERE `id` = 3 LIMIT 1   [ RunTime:0.0009s ]
SQL: SELECT `name` FROM `cgw_cate` WHERE `id` = 3 LIMIT 1   [ RunTime:0.0004s ]
NOTIC: [8] Undefined index: keyword /var/www/cgw/Runtime/App/Cache/Blog/8edcbfec52ed8f780c8f51f886be2e1e.php 第 125 行.
SQL: SELECT `type`,`name`,`value` FROM `cgw_config` WHERE `status` = 1  [ RunTime:0.0005s ]
NOTIC: [8] Undefined variable: isInternalCall /var/www/cgw/App/Api/Controller/ApiController.class.php 第 33 行.
NOTIC: [8] Undefined variable: array /var/www/cgw/App/Blog/Model/CateModel.class.php 第 16 行.
SQL: SELECT `id`,`name`,`pid` FROM `cgw_cate` WHERE `status` = 1 ORDER BY ordid  [ RunTime:0.0003s ]
SQL: SELECT COUNT(*) AS tp_count FROM `cgw_article` WHERE `cid` IN ('1','2','3','4','5','6','7','8','11') AND `status` IN ('1') LIMIT 1   [ RunTime:0.0009s ]
SQL: SELECT * FROM `cgw_article` WHERE `cid` IN ('1','2','3','4','5','6','7','8','11') AND `status` IN ('1') ORDER BY view desc LIMIT 5   [ RunTime:0.0011s ]
SQL: SELECT * FROM `cgw_article` WHERE `id` = 5 LIMIT 1   [ RunTime:0.0004s ]
SQL: SELECT `user_id` FROM `cgw_role_user`  [ RunTime:0.0002s ]
SQL: SELECT `nickname` FROM `cgw_member` WHERE `uid` = 1 LIMIT 1   [ RunTime:0.0003s ]
SQL: SELECT * FROM `cgw_avatar` WHERE `uid` = 1 AND `status` = 1 AND `is_temp` = 0 LIMIT 1   [ RunTime:0.0002s ]
SQL: SELECT * FROM `cgw_avatar` WHERE `uid` = 1 AND `status` = 1 AND `is_temp` = 0 LIMIT 1   [ RunTime:0.0002s ]
NOTIC: [8] Undefined index: nickname /var/www/cgw/App/Common/Common/user.php 第 350 行.
SQL: SELECT * FROM `cgw_article` WHERE `id` = 2 LIMIT 1   [ RunTime:0.0003s ]
SQL: SELECT `user_id` FROM `cgw_role_user`  [ RunTime:0.0001s ]
SQL: SELECT `nickname` FROM `cgw_member` WHERE `uid` = 1 LIMIT 1   [ RunTime:0.0008s ]
SQL: SELECT * FROM `cgw_avatar` WHERE `uid` = 1 AND `status` = 1 AND `is_temp` = 0 LIMIT 1   [ RunTime:0.0003s ]
SQL: SELECT * FROM `cgw_avatar` WHERE `uid` = 1 AND `status` = 1 AND `is_temp` = 0 LIMIT 1   [ RunTime:0.0002s ]
NOTIC: [8] Undefined index: nickname /var/www/cgw/App/Common/Common/user.php 第 350 行.
SQL: SELECT * FROM `cgw_article` WHERE `id` = 8 LIMIT 1   [ RunTime:0.0003s ]
SQL: SELECT `user_id` FROM `cgw_role_user`  [ RunTime:0.0002s ]
SQL: SELECT `nickname` FROM `cgw_member` WHERE `uid` = 1 LIMIT 1   [ RunTime:0.0003s ]
SQL: SELECT * FROM `cgw_avatar` WHERE `uid` = 1 AND `status` = 1 AND `is_temp` = 0 LIMIT 1   [ RunTime:0.0002s ]
SQL: SELECT * FROM `cgw_avatar` WHERE `uid` = 1 AND `status` = 1 AND `is_temp` = 0 LIMIT 1   [ RunTime:0.0008s ]
NOTIC: [8] Undefined index: nickname /var/www/cgw/App/Common/Common/user.php 第 350 行.
SQL: SELECT * FROM `cgw_article` WHERE `id` = 64 LIMIT 1   [ RunTime:0.0002s ]
SQL: SELECT `user_id` FROM `cgw_role_user`  [ RunTime:0.0002s ]
SQL: SELECT `nickname` FROM `cgw_member` WHERE `uid` = 1 LIMIT 1   [ RunTime:0.0002s ]
SQL: SELECT * FROM `cgw_avatar` WHERE `uid` = 1 AND `status` = 1 AND `is_temp` = 0 LIMIT 1   [ RunTime:0.0002s ]
SQL: SELECT * FROM `cgw_avatar` WHERE `uid` = 1 AND `status` = 1 AND `is_temp` = 0 LIMIT 1   [ RunTime:0.0002s ]
NOTIC: [8] Undefined index: nickname /var/www/cgw/App/Common/Common/user.php 第 350 行.
SQL: SELECT * FROM `cgw_article` WHERE `id` = 4 LIMIT 1   [ RunTime:0.0003s ]
SQL: SELECT `user_id` FROM `cgw_role_user`  [ RunTime:0.0004s ]
SQL: SELECT `nickname` FROM `cgw_member` WHERE `uid` = 1 LIMIT 1   [ RunTime:0.0002s ]
SQL: SELECT * FROM `cgw_avatar` WHERE `uid` = 1 AND `status` = 1 AND `is_temp` = 0 LIMIT 1   [ RunTime:0.0002s ]
SQL: SELECT * FROM `cgw_avatar` WHERE `uid` = 1 AND `status` = 1 AND `is_temp` = 0 LIMIT 1   [ RunTime:0.0002s ]
NOTIC: [8] Undefined index: nickname /var/www/cgw/App/Common/Common/user.php 第 350 行.
NOTIC: [8] Undefined index: format /var/www/cgw/App/Api/Controller/ApiController.class.php 第 62 行.
SQL: SELECT `type`,`name`,`value` FROM `cgw_config` WHERE `status` = 1  [ RunTime:0.0004s ]
NOTIC: [8] Undefined variable: isInternalCall /var/www/cgw/App/Api/Controller/ApiController.class.php 第 33 行.
NOTIC: [8] Undefined variable: array /var/www/cgw/App/Blog/Model/CateModel.class.php 第 16 行.
SQL: SELECT `id`,`name`,`pid` FROM `cgw_cate` WHERE `status` = 1 ORDER BY ordid  [ RunTime:0.0004s ]
SQL: SELECT COUNT(*) AS tp_count FROM `cgw_article` WHERE `cid` IN ('1','2','3','4','5','6','7','8','11') AND `status` IN ('1') LIMIT 1   [ RunTime:0.0011s ]
SQL: SELECT * FROM `cgw_article` WHERE `cid` IN ('1','2','3','4','5','6','7','8','11') AND `status` IN ('1') ORDER BY view desc LIMIT 5   [ RunTime:0.0007s ]
SQL: SELECT * FROM `cgw_article` WHERE `id` = 5 LIMIT 1   [ RunTime:0.0003s ]
SQL: SELECT `user_id` FROM `cgw_role_user`  [ RunTime:0.0002s ]
SQL: SELECT `nickname` FROM `cgw_member` WHERE `uid` = 1 LIMIT 1   [ RunTime:0.0004s ]
SQL: SELECT * FROM `cgw_avatar` WHERE `uid` = 1 AND `status` = 1 AND `is_temp` = 0 LIMIT 1   [ RunTime:0.0002s ]
SQL: SELECT * FROM `cgw_avatar` WHERE `uid` = 1 AND `status` = 1 AND `is_temp` = 0 LIMIT 1   [ RunTime:0.0001s ]
NOTIC: [8] Undefined index: nickname /var/www/cgw/App/Common/Common/user.php 第 350 行.
SQL: SELECT * FROM `cgw_article` WHERE `id` = 2 LIMIT 1   [ RunTime:0.0003s ]
SQL: SELECT `user_id` FROM `cgw_role_user`  [ RunTime:0.0002s ]
SQL: SELECT `nickname` FROM `cgw_member` WHERE `uid` = 1 LIMIT 1   [ RunTime:0.0008s ]
SQL: SELECT * FROM `cgw_avatar` WHERE `uid` = 1 AND `status` = 1 AND `is_temp` = 0 LIMIT 1   [ RunTime:0.0002s ]
SQL: SELECT * FROM `cgw_avatar` WHERE `uid` = 1 AND `status` = 1 AND `is_temp` = 0 LIMIT 1   [ RunTime:0.0002s ]
NOTIC: [8] Undefined index: nickname /var/www/cgw/App/Common/Common/user.php 第 350 行.
SQL: SELECT * FROM `cgw_article` WHERE `id` = 8 LIMIT 1   [ RunTime:0.0003s ]
SQL: SELECT `user_id` FROM `cgw_role_user`  [ RunTime:0.0002s ]
SQL: SELECT `nickname` FROM `cgw_member` WHERE `uid` = 1 LIMIT 1   [ RunTime:0.0002s ]
SQL: SELECT * FROM `cgw_avatar` WHERE `uid` = 1 AND `status` = 1 AND `is_temp` = 0 LIMIT 1   [ RunTime:0.0002s ]
SQL: SELECT * FROM `cgw_avatar` WHERE `uid` = 1 AND `status` = 1 AND `is_temp` = 0 LIMIT 1   [ RunTime:0.0002s ]
NOTIC: [8] Undefined index: nickname /var/www/cgw/App/Common/Common/user.php 第 350 行.
SQL: SELECT * FROM `cgw_article` WHERE `id` = 64 LIMIT 1   [ RunTime:0.0002s ]
SQL: SELECT `user_id` FROM `cgw_role_user`  [ RunTime:0.0002s ]
SQL: SELECT `nickname` FROM `cgw_member` WHERE `uid` = 1 LIMIT 1   [ RunTime:0.0002s ]
SQL: SELECT * FROM `cgw_avatar` WHERE `uid` = 1 AND `status` = 1 AND `is_temp` = 0 LIMIT 1   [ RunTime:0.0005s ]
SQL: SELECT * FROM `cgw_avatar` WHERE `uid` = 1 AND `status` = 1 AND `is_temp` = 0 LIMIT 1   [ RunTime:0.0003s ]
NOTIC: [8] Undefined index: nickname /var/www/cgw/App/Common/Common/user.php 第 350 行.
SQL: SELECT * FROM `cgw_article` WHERE `id` = 4 LIMIT 1   [ RunTime:0.0003s ]
SQL: SELECT `user_id` FROM `cgw_role_user`  [ RunTime:0.0002s ]
SQL: SELECT `nickname` FROM `cgw_member` WHERE `uid` = 1 LIMIT 1   [ RunTime:0.0003s ]
SQL: SELECT * FROM `cgw_avatar` WHERE `uid` = 1 AND `status` = 1 AND `is_temp` = 0 LIMIT 1   [ RunTime:0.0002s ]
SQL: SELECT * FROM `cgw_avatar` WHERE `uid` = 1 AND `status` = 1 AND `is_temp` = 0 LIMIT 1   [ RunTime:0.0002s ]
NOTIC: [8] Undefined index: nickname /var/www/cgw/App/Common/Common/user.php 第 350 行.
NOTIC: [8] Undefined index: format /var/www/cgw/App/Api/Controller/ApiController.class.php 第 62 行.
SQL: SELECT `type`,`name`,`value` FROM `cgw_config` WHERE `status` = 1  [ RunTime:0.0009s ]
NOTIC: [8] Undefined variable: isInternalCall /var/www/cgw/App/Api/Controller/ApiController.class.php 第 33 行.
NOTIC: [8] Undefined variable: array /var/www/cgw/App/Blog/Model/CateModel.class.php 第 16 行.
SQL: SELECT `id`,`name`,`pid` FROM `cgw_cate` WHERE `status` = 1 ORDER BY ordid  [ RunTime:0.0004s ]
SQL: SELECT COUNT(*) AS tp_count FROM `cgw_article` WHERE `cid` IN ('1','2','3','4','5','6','7','8','11') AND `status` IN ('1') LIMIT 1   [ RunTime:0.0007s ]
SQL: SELECT * FROM `cgw_article` WHERE `cid` IN ('1','2','3','4','5','6','7','8','11') AND `status` IN ('1') ORDER BY reply_count desc LIMIT 7   [ RunTime:0.0013s ]
SQL: SELECT * FROM `cgw_article` WHERE `id` = 5 LIMIT 1   [ RunTime:0.0003s ]
SQL: SELECT `user_id` FROM `cgw_role_user`  [ RunTime:0.0002s ]
SQL: SELECT `nickname` FROM `cgw_member` WHERE `uid` = 1 LIMIT 1   [ RunTime:0.0002s ]
SQL: SELECT * FROM `cgw_avatar` WHERE `uid` = 1 AND `status` = 1 AND `is_temp` = 0 LIMIT 1   [ RunTime:0.0007s ]
SQL: SELECT * FROM `cgw_avatar` WHERE `uid` = 1 AND `status` = 1 AND `is_temp` = 0 LIMIT 1   [ RunTime:0.0002s ]
NOTIC: [8] Undefined index: nickname /var/www/cgw/App/Common/Common/user.php 第 350 行.
SQL: SELECT * FROM `cgw_article` WHERE `id` = 2 LIMIT 1   [ RunTime:0.0003s ]
SQL: SELECT `user_id` FROM `cgw_role_user`  [ RunTime:0.0002s ]
SQL: SELECT `nickname` FROM `cgw_member` WHERE `uid` = 1 LIMIT 1   [ RunTime:0.0002s ]
SQL: SELECT * FROM `cgw_avatar` WHERE `uid` = 1 AND `status` = 1 AND `is_temp` = 0 LIMIT 1   [ RunTime:0.0002s ]
SQL: SELECT * FROM `cgw_avatar` WHERE `uid` = 1 AND `status` = 1 AND `is_temp` = 0 LIMIT 1   [ RunTime:0.0005s ]
NOTIC: [8] Undefined index: nickname /var/www/cgw/App/Common/Common/user.php 第 350 行.
SQL: SELECT * FROM `cgw_article` WHERE `id` = 8 LIMIT 1   [ RunTime:0.0003s ]
SQL: SELECT `user_id` FROM `cgw_role_user`  [ RunTime:0.0003s ]
SQL: SELECT `nickname` FROM `cgw_member` WHERE `uid` = 1 LIMIT 1   [ RunTime:0.0003s ]
SQL: SELECT * FROM `cgw_avatar` WHERE `uid` = 1 AND `status` = 1 AND `is_temp` = 0 LIMIT 1   [ RunTime:0.0003s ]
SQL: SELECT * FROM `cgw_avatar` WHERE `uid` = 1 AND `status` = 1 AND `is_temp` = 0 LIMIT 1   [ RunTime:0.0006s ]
NOTIC: [8] Undefined index: nickname /var/www/cgw/App/Common/Common/user.php 第 350 行.
SQL: SELECT * FROM `cgw_article` WHERE `id` = 4 LIMIT 1   [ RunTime:0.0003s ]
SQL: SELECT `user_id` FROM `cgw_role_user`  [ RunTime:0.0002s ]
SQL: SELECT `nickname` FROM `cgw_member` WHERE `uid` = 1 LIMIT 1   [ RunTime:0.0003s ]
SQL: SELECT * FROM `cgw_avatar` WHERE `uid` = 1 AND `status` = 1 AND `is_temp` = 0 LIMIT 1   [ RunTime:0.0002s ]
SQL: SELECT * FROM `cgw_avatar` WHERE `uid` = 1 AND `status` = 1 AND `is_temp` = 0 LIMIT 1   [ RunTime:0.0002s ]
NOTIC: [8] Undefined index: nickname /var/www/cgw/App/Common/Common/user.php 第 350 行.
SQL: SELECT * FROM `cgw_article` WHERE `id` = 56 LIMIT 1   [ RunTime:0.0000s ]
SQL: SELECT `user_id` FROM `cgw_role_user`  [ RunTime:0.0002s ]
SQL: SELECT `nickname` FROM `cgw_member` WHERE `uid` = 1 LIMIT 1   [ RunTime:0.0006s ]
SQL: SELECT * FROM `cgw_avatar` WHERE `uid` = 1 AND `status` = 1 AND `is_temp` = 0 LIMIT 1   [ RunTime:0.0002s ]
SQL: SELECT * FROM `cgw_avatar` WHERE `uid` = 1 AND `status` = 1 AND `is_temp` = 0 LIMIT 1   [ RunTime:0.0002s ]
NOTIC: [8] Undefined index: nickname /var/www/cgw/App/Common/Common/user.php 第 350 行.
SQL: SELECT `id` FROM `cgw_tags` WHERE `title` = 'SQL注入' AND `type` = 1 LIMIT 1   [ RunTime:0.0003s ]
SQL: SELECT * FROM `cgw_article` WHERE `id` = 3 LIMIT 1   [ RunTime:0.0002s ]
SQL: SELECT `user_id` FROM `cgw_role_user`  [ RunTime:0.0002s ]
SQL: SELECT `nickname` FROM `cgw_member` WHERE `uid` = 1 LIMIT 1   [ RunTime:0.0005s ]
SQL: SELECT * FROM `cgw_avatar` WHERE `uid` = 1 AND `status` = 1 AND `is_temp` = 0 LIMIT 1   [ RunTime:0.0002s ]
SQL: SELECT * FROM `cgw_avatar` WHERE `uid` = 1 AND `status` = 1 AND `is_temp` = 0 LIMIT 1   [ RunTime:0.0001s ]
NOTIC: [8] Undefined index: nickname /var/www/cgw/App/Common/Common/user.php 第 350 行.
SQL: SELECT * FROM `cgw_article` WHERE `id` = 6 LIMIT 1   [ RunTime:0.0002s ]
SQL: SELECT `user_id` FROM `cgw_role_user`  [ RunTime:0.0002s ]
SQL: SELECT `nickname` FROM `cgw_member` WHERE `uid` = 1 LIMIT 1   [ RunTime:0.0005s ]
SQL: SELECT * FROM `cgw_avatar` WHERE `uid` = 1 AND `status` = 1 AND `is_temp` = 0 LIMIT 1   [ RunTime:0.0002s ]
SQL: SELECT * FROM `cgw_avatar` WHERE `uid` = 1 AND `status` = 1 AND `is_temp` = 0 LIMIT 1   [ RunTime:0.0001s ]
NOTIC: [8] Undefined index: nickname /var/www/cgw/App/Common/Common/user.php 第 350 行.
NOTIC: [8] Undefined index: format /var/www/cgw/App/Api/Controller/ApiController.class.php 第 62 行.
SQL: SELECT `type`,`name`,`value` FROM `cgw_config` WHERE `status` = 1  [ RunTime:0.0007s ]
NOTIC: [8] Undefined variable: isInternalCall /var/www/cgw/App/Api/Controller/ApiController.class.php 第 33 行.
SQL: SHOW COLUMNS FROM `cgw_tags` [ RunTime:0.0009s ]
SQL: SELECT * FROM `cgw_tags` WHERE `type` IN ('1') ORDER BY num desc LIMIT 15   [ RunTime:0.0005s ]
SQL: SHOW COLUMNS FROM `cgw_picture` [ RunTime:0.0224s ]
SQL: SELECT * FROM `cgw_picture` WHERE `status` = 1 AND `id` = 0 LIMIT 1   [ RunTime:0.0004s ]
SQL: SELECT * FROM `cgw_picture` WHERE `status` = 1 AND `id` = 0 LIMIT 1   [ RunTime:0.0002s ]
SQL: SELECT * FROM `cgw_picture` WHERE `status` = 1 AND `id` = 0 LIMIT 1   [ RunTime:0.0002s ]
SQL: SELECT * FROM `cgw_picture` WHERE `status` = 1 AND `id` = 0 LIMIT 1   [ RunTime:0.0003s ]
SQL: SELECT * FROM `cgw_picture` WHERE `status` = 1 AND `id` = 0 LIMIT 1   [ RunTime:0.0002s ]
SQL: SELECT * FROM `cgw_picture` WHERE `status` = 1 AND `id` = 0 LIMIT 1   [ RunTime:0.0002s ]
SQL: SELECT * FROM `cgw_picture` WHERE `status` = 1 AND `id` = 0 LIMIT 1   [ RunTime:0.0009s ]
SQL: SELECT * FROM `cgw_picture` WHERE `status` = 1 AND `id` = 0 LIMIT 1   [ RunTime:0.0002s ]
SQL: SELECT * FROM `cgw_picture` WHERE `status` = 1 AND `id` = 0 LIMIT 1   [ RunTime:0.0002s ]
SQL: SELECT * FROM `cgw_picture` WHERE `status` = 1 AND `id` = 0 LIMIT 1   [ RunTime:0.0001s ]
SQL: SELECT * FROM `cgw_picture` WHERE `status` = 1 AND `id` = 0 LIMIT 1   [ RunTime:0.0004s ]
SQL: SELECT * FROM `cgw_picture` WHERE `status` = 1 AND `id` = 0 LIMIT 1   [ RunTime:0.0003s ]
SQL: SELECT * FROM `cgw_picture` WHERE `status` = 1 AND `id` = 0 LIMIT 1   [ RunTime:0.0005s ]
SQL: SELECT * FROM `cgw_picture` WHERE `status` = 1 AND `id` = 0 LIMIT 1   [ RunTime:0.0002s ]
SQL: SELECT * FROM `cgw_picture` WHERE `status` = 1 AND `id` = 0 LIMIT 1   [ RunTime:0.0002s ]
NOTIC: [8] Undefined index: format /var/www/cgw/App/Api/Controller/ApiController.class.php 第 62 行.
INFO: [ friendLink ] --START--
SQL: SHOW COLUMNS FROM `cgw_super_links` [ RunTime:0.0027s ]
SQL: SELECT * FROM `cgw_super_links` WHERE ( status = 1 ) ORDER BY level desc,id asc  [ RunTime:0.0011s ]
SQL: SHOW COLUMNS FROM `cgw_picture` [ RunTime:0.0006s ]
SQL: SELECT * FROM `cgw_picture` WHERE `id` = 0 LIMIT 1   [ RunTime:0.0005s ]
SQL: SELECT * FROM `cgw_picture` WHERE `id` = 0 LIMIT 1   [ RunTime:0.0002s ]
SQL: SELECT * FROM `cgw_picture` WHERE `id` = 0 LIMIT 1   [ RunTime:0.0002s ]
SQL: SELECT * FROM `cgw_picture` WHERE `id` = 0 LIMIT 1   [ RunTime:0.0002s ]
NOTIC: [2] Invalid argument supplied for foreach() /var/www/cgw/Addons/SuperLinks/SuperLinksAddon.class.php 第 96 行.
INFO: [ view_parse ] --START--
INFO: [ template_filter ] --START--
INFO: Run Behavior\ContentReplaceBehavior [ RunTime:0.000083s ]
INFO: [ template_filter ] --END-- [ RunTime:-0.832824s ]
NOTIC: [8] Undefined variable: po /var/www/cgw/Runtime/App/Cache/Blog/a9da3c76ae86b611e87c14237d043ac6.php 第 12 行.
NOTIC: [8] Undefined variable: po /var/www/cgw/Runtime/App/Cache/Blog/a9da3c76ae86b611e87c14237d043ac6.php 第 12 行.
NOTIC: [8] Undefined variable: po /var/www/cgw/Runtime/App/Cache/Blog/a9da3c76ae86b611e87c14237d043ac6.php 第 12 行.
NOTIC: [8] Undefined variable: po /var/www/cgw/Runtime/App/Cache/Blog/a9da3c76ae86b611e87c14237d043ac6.php 第 12 行.
INFO: Run Behavior\ParseTemplateBehavior [ RunTime:0.019896s ]
INFO: [ view_parse ] --END-- [ RunTime:0.019961s ]
INFO: [ view_filter ] --START--
INFO: Run Behavior\WriteHtmlCacheBehavior [ RunTime:0.014559s ]
INFO: [ view_filter ] --END-- [ RunTime:0.014649s ]
INFO: Run Addons\SuperLinks\SuperLinksAddon [ RunTime:0.059551s ]
INFO: [ friendLink ] --END-- [ RunTime:0.059592s ]
INFO: [ pageFooter ] --START--
INFO: Run Addons\SuperLinks\SuperLinksAddon [ RunTime:0.000468s ]
INFO: [ pageFooter ] --END-- [ RunTime:0.000515s ]
INFO: Run Behavior\ParseTemplateBehavior [ RunTime:0.035355s ]
INFO: [ view_parse ] --END-- [ RunTime:0.019961s ]
INFO: [ view_filter ] --START--
INFO: Run Behavior\WriteHtmlCacheBehavior [ RunTime:0.000011s ]
INFO: [ view_filter ] --END-- [ RunTime:-0.000802s ]
INFO: [ app_end ] --START--
INFO: Run Behavior\ShowPageTraceBehavior [ RunTime:0.014829s ]
INFO: [ app_end ] --END-- [ RunTime:0.015021s ]

